<?xml version="1.0" encoding="UTF-8"?>
<!-- Generated by org.testng.reporters.JUnitXMLReporter -->
<testsuite ignored="5" hostname="DESKTOP-KIS4N2E" failures="0" tests="1" name="Test(failed)(failed)" time="0.087" errors="0" timestamp="2023-06-16T08:21:57 IST">
  <testcase classname="testNGxml.FailedStudy" name="myMethod6" time="0.012"/>
  <testcase classname="testNGxml.FailedStudy" name="myMethod3" time="0.0">
    <ignored/>
  </testcase> <!-- myMethod3 -->
  <testcase classname="testNGxml.FailedStudy" name="myMethod4" time="0.0">
    <ignored/>
  </testcase> <!-- myMethod4 -->
  <testcase classname="testNGxml.FailedStudy" name="myMethod1" time="0.0">
    <ignored/>
  </testcase> <!-- myMethod1 -->
  <testcase classname="testNGxml.FailedStudy" name="myMethod2" time="0.0">
    <ignored/>
  </testcase> <!-- myMethod2 -->
  <testcase classname="testNGxml.FailedStudy" name="myMethod5" time="0.0">
    <ignored/>
  </testcase> <!-- myMethod5 -->
</testsuite> <!-- Test(failed)(failed) -->
