<?xml version="1.0" encoding="UTF-8"?>
<!-- Generated by org.testng.reporters.JUnitXMLReporter -->
<testsuite ignored="4" hostname="DESKTOP-KIS4N2E" failures="1" tests="2" name="Test(failed)" time="0.079" errors="0" timestamp="2023-06-16T08:17:14 IST">
  <testcase classname="testNGxml.FailedStudy" name="myMethod6" time="0.015">
    <failure type="java.lang.AssertionError" message="null">
      <![CDATA[java.lang.AssertionError: null
at testNGxml.FailedStudy.myMethod6(FailedStudy.java:40)
at java.base/java.util.ArrayList.forEach(ArrayList.java:1511)
... Removed 29 stack frames]]>
    </failure>
  </testcase> <!-- myMethod6 -->
  <testcase classname="testNGxml.FailedStudy" name="myMethod4" time="0.003"/>
  <testcase classname="testNGxml.FailedStudy" name="myMethod3" time="0.0">
    <ignored/>
  </testcase> <!-- myMethod3 -->
  <testcase classname="testNGxml.FailedStudy" name="myMethod1" time="0.0">
    <ignored/>
  </testcase> <!-- myMethod1 -->
  <testcase classname="testNGxml.FailedStudy" name="myMethod2" time="0.0">
    <ignored/>
  </testcase> <!-- myMethod2 -->
  <testcase classname="testNGxml.FailedStudy" name="myMethod5" time="0.0">
    <ignored/>
  </testcase> <!-- myMethod5 -->
</testsuite> <!-- Test(failed) -->
